<?xml version="1.0" encoding="UTF-8"?>
<testng-results ignored="0" total="1" passed="1" failed="0" skipped="0">
  <reporter-output>
  </reporter-output>
  <suite started-at="2026-05-21T21:33:49 WIB" name="Surefire suite" finished-at="2026-05-21T21:33:49 WIB" duration-ms="59">
    <groups>
    </groups>
    <test started-at="2026-05-21T21:33:49 WIB" name="Surefire test" finished-at="2026-05-21T21:33:49 WIB" duration-ms="59">
      <class name="com.juaracoding.AppTest">
        <test-method signature="firstTest()[pri:0, instance:com.juaracoding.AppTest@161b062a]" started-at="2026-05-21T21:33:49 WIB" name="firstTest" finished-at="2026-05-21T21:33:49 WIB" duration-ms="7" status="PASS">
          <reporter-output>
          </reporter-output>
        </test-method> <!-- firstTest -->
      </class> <!-- com.juaracoding.AppTest -->
    </test> <!-- Surefire test -->
  </suite> <!-- Surefire suite -->
</testng-results>
